2005.01.03 01:41 B D:\SOFTWARE\ETC\WEBS\yellowpage\lib\email\language\phpmailer.lang-br.php --> ftp.aapkihosting.com /public_html/yellowpage/lib/email/language phpmailer.lang-br.php
2005.01.03 01:41 B D:\SOFTWARE\ETC\WEBS\yellowpage\lib\email\language\phpmailer.lang-cz.php --> ftp.aapkihosting.com /public_html/yellowpage/lib/email/language phpmailer.lang-cz.php
2005.01.03 01:41 B D:\SOFTWARE\ETC\WEBS\yellowpage\lib\email\language\phpmailer.lang-de.php --> ftp.aapkihosting.com /public_html/yellowpage/lib/email/language phpmailer.lang-de.php
2005.01.03 01:41 B D:\SOFTWARE\ETC\WEBS\yellowpage\lib\email\language\phpmailer.lang-en.php --> ftp.aapkihosting.com /public_html/yellowpage/lib/email/language phpmailer.lang-en.php
2005.01.03 01:41 B D:\SOFTWARE\ETC\WEBS\yellowpage\lib\email\language\phpmailer.lang-es.php --> ftp.aapkihosting.com /public_html/yellowpage/lib/email/language phpmailer.lang-es.php
2005.01.03 01:41 B D:\SOFTWARE\ETC\WEBS\yellowpage\lib\email\language\phpmailer.lang-fr.php --> ftp.aapkihosting.com /public_html/yellowpage/lib/email/language phpmailer.lang-fr.php
2005.01.03 01:41 B D:\SOFTWARE\ETC\WEBS\yellowpage\lib\email\language\phpmailer.lang-it.php --> ftp.aapkihosting.com /public_html/yellowpage/lib/email/language phpmailer.lang-it.php
2005.01.03 01:42 B D:\SOFTWARE\ETC\WEBS\yellowpage\lib\email\language\phpmailer.lang-nl.php --> ftp.aapkihosting.com /public_html/yellowpage/lib/email/language phpmailer.lang-nl.php
2005.01.03 01:42 B D:\SOFTWARE\ETC\WEBS\yellowpage\lib\email\language\phpmailer.lang-no.php --> ftp.aapkihosting.com /public_html/yellowpage/lib/email/language phpmailer.lang-no.php
2005.01.03 01:42 B D:\SOFTWARE\ETC\WEBS\yellowpage\lib\email\language\phpmailer.lang-se.php --> ftp.aapkihosting.com /public_html/yellowpage/lib/email/language phpmailer.lang-se.php
2005.01.03 01:42 B D:\SOFTWARE\ETC\WEBS\yellowpage\lib\email\language\phpmailer.lang-tr.php --> ftp.aapkihosting.com /public_html/yellowpage/lib/email/language phpmailer.lang-tr.php
2005.02.19 17:42 B D:\SOFTWARE\ETC\WEBS\rac_proj1\lib\email\language\phpmailer.lang-de.php --> ftp.aapkihosting.com /public_html/rac_proj1/lib/email/language phpmailer.lang-de.php
2005.02.19 17:42 B D:\SOFTWARE\ETC\WEBS\rac_proj1\lib\email\language\phpmailer.lang-no.php --> ftp.aapkihosting.com /public_html/rac_proj1/lib/email/language phpmailer.lang-no.php
2005.02.21 08:39 B D:\SOFTWARE\ETC\WEBS\rac_proj1\lib\email\language\phpmailer.lang-de.php --> ftp.aapkihosting.com /public_html/rac_proj1/lib/email/language phpmailer.lang-de.php
2005.02.21 08:39 B D:\SOFTWARE\ETC\WEBS\rac_proj1\lib\email\language\phpmailer.lang-no.php --> ftp.aapkihosting.com /public_html/rac_proj1/lib/email/language phpmailer.lang-no.php
2005.02.21 08:39 B D:\SOFTWARE\ETC\WEBS\rac_proj1\lib\email\language\WS_FTP.LOG --> ftp.aapkihosting.com /public_html/rac_proj1/lib/email/language WS_FTP.LOG
2005.02.22 07:13 B D:\SOFTWARE\ETC\WEBS\rac_proj1\lib\email\language\phpmailer.lang-de.php --> ftp.aapkihosting.com /public_html/rac_proj1/lib/email/language phpmailer.lang-de.php
2005.02.22 07:13 B D:\SOFTWARE\ETC\WEBS\rac_proj1\lib\email\language\phpmailer.lang-no.php --> ftp.aapkihosting.com /public_html/rac_proj1/lib/email/language phpmailer.lang-no.php
2005.02.22 07:13 B D:\SOFTWARE\ETC\WEBS\rac_proj1\lib\email\language\WS_FTP.LOG --> ftp.aapkihosting.com /public_html/rac_proj1/lib/email/language WS_FTP.LOG
2005.02.26 12:43 B D:\SOFTWARE\ETC\WEBS\rac_proj1\lib\email\language\phpmailer.lang-de.php --> ftp.aapkihosting.com /public_html/rac_proj1/lib/email/language phpmailer.lang-de.php
2005.02.26 12:44 B D:\SOFTWARE\ETC\WEBS\rac_proj1\lib\email\language\phpmailer.lang-no.php --> ftp.aapkihosting.com /public_html/rac_proj1/lib/email/language phpmailer.lang-no.php
2005.03.02 07:24 B D:\SOFTWARE\ETC\WEBS\rac_proj1\lib\email\language\phpmailer.lang-de.php --> ftp.aapkihosting.com /public_html/rac_proj1/lib/email/language phpmailer.lang-de.php
2005.03.02 07:24 B D:\SOFTWARE\ETC\WEBS\rac_proj1\lib\email\language\phpmailer.lang-no.php --> ftp.aapkihosting.com /public_html/rac_proj1/lib/email/language phpmailer.lang-no.php
2005.03.02 07:24 B D:\SOFTWARE\ETC\WEBS\rac_proj1\lib\email\language\WS_FTP.LOG --> ftp.aapkihosting.com /public_html/rac_proj1/lib/email/language WS_FTP.LOG
2005.03.14 00:14 B D:\SOFTWARE\ETC\WEBS\noman\lib\email\language\phpmailer.lang-br.php --> ftp.aapkihosting.com /public_html/noman/lib/email/language phpmailer.lang-br.php
2005.03.14 00:14 B D:\SOFTWARE\ETC\WEBS\noman\lib\email\language\phpmailer.lang-cz.php --> ftp.aapkihosting.com /public_html/noman/lib/email/language phpmailer.lang-cz.php
2005.03.14 00:14 B D:\SOFTWARE\ETC\WEBS\noman\lib\email\language\phpmailer.lang-de.php --> ftp.aapkihosting.com /public_html/noman/lib/email/language phpmailer.lang-de.php
2005.03.14 00:14 B D:\SOFTWARE\ETC\WEBS\noman\lib\email\language\phpmailer.lang-en.php --> ftp.aapkihosting.com /public_html/noman/lib/email/language phpmailer.lang-en.php
2005.03.14 00:14 B D:\SOFTWARE\ETC\WEBS\noman\lib\email\language\phpmailer.lang-es.php --> ftp.aapkihosting.com /public_html/noman/lib/email/language phpmailer.lang-es.php
2005.03.14 00:14 B D:\SOFTWARE\ETC\WEBS\noman\lib\email\language\phpmailer.lang-fr.php --> ftp.aapkihosting.com /public_html/noman/lib/email/language phpmailer.lang-fr.php
2005.03.14 00:14 B D:\SOFTWARE\ETC\WEBS\noman\lib\email\language\phpmailer.lang-it.php --> ftp.aapkihosting.com /public_html/noman/lib/email/language phpmailer.lang-it.php
2005.03.14 00:14 B D:\SOFTWARE\ETC\WEBS\noman\lib\email\language\phpmailer.lang-nl.php --> ftp.aapkihosting.com /public_html/noman/lib/email/language phpmailer.lang-nl.php
2005.03.14 00:14 B D:\SOFTWARE\ETC\WEBS\noman\lib\email\language\phpmailer.lang-no.php --> ftp.aapkihosting.com /public_html/noman/lib/email/language phpmailer.lang-no.php
2005.03.14 00:14 B D:\SOFTWARE\ETC\WEBS\noman\lib\email\language\phpmailer.lang-se.php --> ftp.aapkihosting.com /public_html/noman/lib/email/language phpmailer.lang-se.php
2005.03.14 00:14 B D:\SOFTWARE\ETC\WEBS\noman\lib\email\language\phpmailer.lang-tr.php --> ftp.aapkihosting.com /public_html/noman/lib/email/language phpmailer.lang-tr.php
2005.03.14 00:14 B D:\SOFTWARE\ETC\WEBS\noman\lib\email\language\WS_FTP.LOG --> ftp.aapkihosting.com /public_html/noman/lib/email/language WS_FTP.LOG
2005.03.22 00:07 B D:\SOFTWARE\ETC\WEBS\proj\lib\email\language\phpmailer.lang-br.php --> ftp.cieglobal.net /public_html/proj/lib/email/language phpmailer.lang-br.php
2005.03.22 00:07 B D:\SOFTWARE\ETC\WEBS\proj\lib\email\language\phpmailer.lang-cz.php --> ftp.cieglobal.net /public_html/proj/lib/email/language phpmailer.lang-cz.php
2005.03.22 00:07 B D:\SOFTWARE\ETC\WEBS\proj\lib\email\language\phpmailer.lang-de.php --> ftp.cieglobal.net /public_html/proj/lib/email/language phpmailer.lang-de.php
2005.03.22 00:07 B D:\SOFTWARE\ETC\WEBS\proj\lib\email\language\phpmailer.lang-en.php --> ftp.cieglobal.net /public_html/proj/lib/email/language phpmailer.lang-en.php
2005.03.22 00:07 B D:\SOFTWARE\ETC\WEBS\proj\lib\email\language\phpmailer.lang-es.php --> ftp.cieglobal.net /public_html/proj/lib/email/language phpmailer.lang-es.php
2005.03.22 00:07 B D:\SOFTWARE\ETC\WEBS\proj\lib\email\language\phpmailer.lang-fr.php --> ftp.cieglobal.net /public_html/proj/lib/email/language phpmailer.lang-fr.php
2005.03.22 00:07 B D:\SOFTWARE\ETC\WEBS\proj\lib\email\language\phpmailer.lang-it.php --> ftp.cieglobal.net /public_html/proj/lib/email/language phpmailer.lang-it.php
2005.03.22 00:07 B D:\SOFTWARE\ETC\WEBS\proj\lib\email\language\phpmailer.lang-nl.php --> ftp.cieglobal.net /public_html/proj/lib/email/language phpmailer.lang-nl.php
2005.03.22 00:07 B D:\SOFTWARE\ETC\WEBS\proj\lib\email\language\phpmailer.lang-no.php --> ftp.cieglobal.net /public_html/proj/lib/email/language phpmailer.lang-no.php
2005.03.22 00:07 B D:\SOFTWARE\ETC\WEBS\proj\lib\email\language\phpmailer.lang-se.php --> ftp.cieglobal.net /public_html/proj/lib/email/language phpmailer.lang-se.php
2005.03.22 00:07 B D:\SOFTWARE\ETC\WEBS\proj\lib\email\language\phpmailer.lang-tr.php --> ftp.cieglobal.net /public_html/proj/lib/email/language phpmailer.lang-tr.php
2005.03.22 00:08 B D:\SOFTWARE\ETC\WEBS\proj\lib\email\language\WS_FTP.LOG --> ftp.cieglobal.net /public_html/proj/lib/email/language WS_FTP.LOG
2005.04.05 09:18 B D:\cskugd\lib\email\language\phpmailer.lang-de.php --> ftp.cieglobal.net /public_html/cskugd/lib/email/language phpmailer.lang-de.php
2005.04.05 09:18 B D:\cskugd\lib\email\language\phpmailer.lang-no.php --> ftp.cieglobal.net /public_html/cskugd/lib/email/language phpmailer.lang-no.php
